<?xml version="1.0" encoding="UTF-8"?><soap-env:Envelope xmlns:soap-env="http://schemas.xmlsoap.org/soap/envelope/"><soap-env:Header><eb:MessageHeader xmlns:eb="http://www.ebxml.org/namespaces/messageHeader" eb:version="1.0" soap-env:mustUnderstand="1"><eb:From><eb:PartyId eb:type="?">VIETNAM-AIRLINES</eb:PartyId></eb:From><eb:To><eb:PartyId eb:type="URI"/></eb:To><eb:CPAId>VN</eb:CPAId><eb:ConversationId>fOV1LWT3EJIUnGC0Yh1</eb:ConversationId><eb:Service>GetReservationRQ</eb:Service><eb:Action>GetReservationRQ</eb:Action><eb:MessageData><eb:MessageId>829620314450500342</eb:MessageId><eb:Timestamp>2021-01-22T08:44:05</eb:Timestamp><eb:RefToMessageId>mid:20001209-133003-2333@clientofsabre.com</eb:RefToMessageId></eb:MessageData></eb:MessageHeader><wsse:Security xmlns:wsse="http://schemas.xmlsoap.org/ws/2002/12/secext"><wsse:BinarySecurityToken valueType="String" EncodingType="wsse:Base64Binary">Shared/IDL:IceSess\/SessMgr:1\.0.IDL/Common/!ICESMS\/RESA!ICESMSLB\/RES.LB!1611305043863!8334!289!1</wsse:BinarySecurityToken></wsse:Security></soap-env:Header><soap-env:Body><stl19:GetReservationRS xmlns:stl19="http://webservices.sabre.com/pnrbuilder/v1_19" xmlns:ns6="http://services.sabre.com/res/orr/v0" xmlns:or114="http://services.sabre.com/res/or/v1_14" xmlns:raw="http://tds.sabre.com/itinerary" xmlns:ns4="http://webservices.sabre.com/pnrconn/ReaccSearch" Version="1.19.0"><stl19:Reservation numberInParty="1" numberOfInfants="0" NumberInSegment="1" isDirectConnectPlatformBooking="true"><stl19:BookingDetails><stl19:RecordLocator>DHMICJ</stl19:RecordLocator><stl19:CreationTimestamp>2021-01-22T00:54:00</stl19:CreationTimestamp><stl19:SystemCreationTimestamp>2021-01-22T00:54:00</stl19:SystemCreationTimestamp><stl19:CreationAgentID>A44</stl19:CreationAgentID><stl19:UpdateTimestamp>2021-01-22T00:59:56</stl19:UpdateTimestamp><stl19:PNRSequence>6</stl19:PNRSequence><stl19:FlightsRange Start="2021-02-01T12:05:00" End="2021-02-02T20:30:00"/><stl19:DivideSplitDetails/><stl19:EstimatedPurgeTimestamp>2021-02-02T00:00:00</stl19:EstimatedPurgeTimestamp><stl19:UpdateToken>-1d57eba7ded9d85bb51173c9639eeb8f7c8454cd853131d1</stl19:UpdateToken></stl19:BookingDetails><stl19:POS AirExtras="false" InhibitCode="U"><stl19:Source BookingSource="A0A0" AgentSine="A44" PseudoCityCode="LZJ" ISOCountry="VN" AgentDutyCode="4" AirlineVendorID="VN" HomePseudoCityCode="LZJ" PrimeHostID="VN"><stl19:OAC><stl19:PartitionId>VN</stl19:PartitionId><stl19:AccountingCityCode>LZJ</stl19:AccountingCityCode><stl19:AccountingCode>GS</stl19:AccountingCode><stl19:AccountingOfficeStationCode>3795968</stl19:AccountingOfficeStationCode></stl19:OAC></stl19:Source></stl19:POS><stl19:PassengerReservation><stl19:Passengers><stl19:Passenger id="5" nameType="S" nameId="01.01" nameAssocId="1" elementId="pnr-5.1"><stl19:LastName>NGUYEN</stl19:LastName><stl19:FirstName>VAN TUAN MR</stl19:FirstName><stl19:EmailAddress id="7"><stl19:Address>VIETNT.ITT@GMAIL.COM</stl19:Address><stl19:Comment/></stl19:EmailAddress><stl19:Profiles><stl19:Profile id="13"><stl19:ProfileID>8047035252</stl19:ProfileID><stl19:ProfileType>TVL</stl19:ProfileType></stl19:Profile></stl19:Profiles><stl19:SpecialRequests><stl19:GenericSpecialRequest id="16" type="A" msgType="S"><stl19:Code>TKNE</stl19:Code><stl19:FreeText>VN HK1 DADHAN0194M01FEB/7382406322338C1</stl19:FreeText><stl19:ActionCode>HK</stl19:ActionCode><stl19:NumberInParty>1</stl19:NumberInParty><stl19:AirlineCode>VN</stl19:AirlineCode><stl19:TicketNumber>7382406322338</stl19:TicketNumber><stl19:FullText>TKNE VN HK1 DADHAN0194M01FEB/7382406322338C1</stl19:FullText></stl19:GenericSpecialRequest><stl19:GenericSpecialRequest id="17" type="A" msgType="S"><stl19:Code>TKNE</stl19:Code><stl19:FreeText>VN HK1 HANDAD7161M02FEB/7382406322338C2</stl19:FreeText><stl19:ActionCode>HK</stl19:ActionCode><stl19:NumberInParty>1</stl19:NumberInParty><stl19:AirlineCode>VN</stl19:AirlineCode><stl19:TicketNumber>7382406322338</stl19:TicketNumber><stl19:FullText>TKNE VN HK1 HANDAD7161M02FEB/7382406322338C2</stl19:FullText></stl19:GenericSpecialRequest></stl19:SpecialRequests><stl19:Seats/></stl19:Passenger></stl19:Passengers><stl19:Segments><stl19:Poc><stl19:Airport>DAD</stl19:Airport><stl19:Departure>2021-02-01T12:05:00</stl19:Departure></stl19:Poc><stl19:Segment sequence="1" id="3"><stl19:Air id="3" sequence="1" segmentAssociationId="2" isPast="false" DayOfWeekInd="1" CodeShare="false" SpecialMeal="false" StopQuantity="00" SmokingAllowed="false" ResBookDesigCode="M" Code="VN"><stl19:DepartureAirport>DAD</stl19:DepartureAirport><stl19:DepartureAirportCodeContext>IATA</stl19:DepartureAirportCodeContext><stl19:DepartureTerminalName>TERMINAL 1</stl19:DepartureTerminalName><stl19:DepartureTerminalCode>1</stl19:DepartureTerminalCode><stl19:ArrivalAirport>HAN</stl19:ArrivalAirport><stl19:ArrivalAirportCodeContext>IATA</stl19:ArrivalAirportCodeContext><stl19:ArrivalTerminalName>TERMINAL 1</stl19:ArrivalTerminalName><stl19:ArrivalTerminalCode>1</stl19:ArrivalTerminalCode><stl19:OperatingAirlineCode>VN</stl19:OperatingAirlineCode><stl19:OperatingAirlineShortName>VIETNAM AIRLINES</stl19:OperatingAirlineShortName><stl19:OperatingFlightNumber>0194</stl19:OperatingFlightNumber><stl19:EquipmentType>321</stl19:EquipmentType><stl19:MarketingAirlineCode>VN</stl19:MarketingAirlineCode><stl19:MarketingFlightNumber>0194</stl19:MarketingFlightNumber><stl19:OperatingClassOfService>M</stl19:OperatingClassOfService><stl19:MarketingClassOfService>M</stl19:MarketingClassOfService><stl19:MarriageGrp><stl19:Ind>0</stl19:Ind><stl19:Group>0</stl19:Group><stl19:Sequence>0</stl19:Sequence></stl19:MarriageGrp><stl19:Meal Code="N"/><stl19:Seats/><stl19:Eticket>true</stl19:Eticket><stl19:DepartureDateTime>2021-02-01T12:05:00</stl19:DepartureDateTime><stl19:ArrivalDateTime>2021-02-01T13:25:00</stl19:ArrivalDateTime><stl19:FlightNumber>0194</stl19:FlightNumber><stl19:ClassOfService>M</stl19:ClassOfService><stl19:ActionCode>HK</stl19:ActionCode><stl19:NumberInParty>1</stl19:NumberInParty><stl19:SegmentSpecialRequests><stl19:GenericSpecialRequest id="16" type="A" msgType="S"><stl19:Code>TKNE</stl19:Code><stl19:FreeText>VN HK1 DADHAN0194M01FEB/7382406322338C1</stl19:FreeText><stl19:ActionCode>HK</stl19:ActionCode><stl19:NumberInParty>1</stl19:NumberInParty><stl19:AirlineCode>VN</stl19:AirlineCode><stl19:TicketNumber>7382406322338</stl19:TicketNumber><stl19:FullText>TKNE VN HK1 DADHAN0194M01FEB/7382406322338C1</stl19:FullText></stl19:GenericSpecialRequest></stl19:SegmentSpecialRequests><stl19:inboundConnection>false</stl19:inboundConnection><stl19:outboundConnection>false</stl19:outboundConnection><stl19:ScheduleChangeIndicator>false</stl19:ScheduleChangeIndicator><stl19:SegmentBookedDate>2021-01-22T00:54:00</stl19:SegmentBookedDate><stl19:ElapsedTime>01.20</stl19:ElapsedTime><stl19:AirMilesFlown>0390</stl19:AirMilesFlown><stl19:FunnelFlight>false</stl19:FunnelFlight><stl19:ChangeOfGauge>false</stl19:ChangeOfGauge><stl19:Pos><stl19:IataNumber>0</stl19:IataNumber><stl19:AgencyCityCode>LZJ</stl19:AgencyCityCode><stl19:CountryCode>VN</stl19:CountryCode><stl19:DutyCode>4</stl19:DutyCode><stl19:OACAccountingCityCode>LZJ</stl19:OACAccountingCityCode><stl19:OACAccountingCode>GS</stl19:OACAccountingCode></stl19:Pos><stl19:Cabin Code="Y" SabreCode="Y" Name="ECONOMY" ShortName="ECONOMY" Lang="EN"/><stl19:Banner>MARKETED BY VIETNAM AIRLINES</stl19:Banner><stl19:Informational>false</stl19:Informational></stl19:Air><stl19:Product id="3"><or114:ProductDetails productCategory="AIR"><or114:ProductName type="AIR"/><or114:Air sequence="1" segmentAssociationId="2"><or114:DepartureAirport>DAD</or114:DepartureAirport><or114:DepartureTerminalName>TERMINAL 1</or114:DepartureTerminalName><or114:DepartureTerminalCode>1</or114:DepartureTerminalCode><or114:ArrivalAirport>HAN</or114:ArrivalAirport><or114:ArrivalTerminalName>TERMINAL 1</or114:ArrivalTerminalName><or114:ArrivalTerminalCode>1</or114:ArrivalTerminalCode><or114:EquipmentType>321</or114:EquipmentType><or114:MarketingAirlineCode>VN</or114:MarketingAirlineCode><or114:MarketingFlightNumber>194</or114:MarketingFlightNumber><or114:MarketingClassOfService>M</or114:MarketingClassOfService><or114:Cabin code="Y" sabreCode="Y" name="ECONOMY" shortName="ECONOMY" lang="EN"/><or114:MealCode>N</or114:MealCode><or114:ElapsedTime>80</or114:ElapsedTime><or114:AirMilesFlown>390</or114:AirMilesFlown><or114:FunnelFlight>false</or114:FunnelFlight><or114:ChangeOfGauge>false</or114:ChangeOfGauge><or114:DisclosureCarrier Code="VN" DOT="false"><or114:Banner>VIETNAM AIRLINES</or114:Banner></or114:DisclosureCarrier><or114:Eticket>true</or114:Eticket><or114:DepartureDateTime>2021-02-01T12:05:00</or114:DepartureDateTime><or114:ArrivalDateTime>2021-02-01T13:25:00</or114:ArrivalDateTime><or114:FlightNumber>194</or114:FlightNumber><or114:ClassOfService>M</or114:ClassOfService><or114:ActionCode>HK</or114:ActionCode><or114:NumberInParty>1</or114:NumberInParty><or114:inboundConnection>false</or114:inboundConnection><or114:outboundConnection>false</or114:outboundConnection><or114:ScheduleChangeIndicator>false</or114:ScheduleChangeIndicator><or114:SegmentBookedDate>2021-01-22T00:54:00</or114:SegmentBookedDate></or114:Air></or114:ProductDetails></stl19:Product></stl19:Segment><stl19:Segment sequence="2" id="4"><stl19:Air id="4" sequence="2" segmentAssociationId="3" isPast="false" DayOfWeekInd="2" CodeShare="false" SpecialMeal="false" StopQuantity="00" SmokingAllowed="false" ResBookDesigCode="M" Code="VN"><stl19:DepartureAirport>HAN</stl19:DepartureAirport><stl19:DepartureAirportCodeContext>IATA</stl19:DepartureAirportCodeContext><stl19:DepartureTerminalName>TERMINAL 1</stl19:DepartureTerminalName><stl19:DepartureTerminalCode>1</stl19:DepartureTerminalCode><stl19:ArrivalAirport>DAD</stl19:ArrivalAirport><stl19:ArrivalAirportCodeContext>IATA</stl19:ArrivalAirportCodeContext><stl19:ArrivalTerminalName>TERMINAL 1</stl19:ArrivalTerminalName><stl19:ArrivalTerminalCode>1</stl19:ArrivalTerminalCode><stl19:OperatingAirlineCode>VN</stl19:OperatingAirlineCode><stl19:OperatingAirlineShortName>VIETNAM AIRLINES</stl19:OperatingAirlineShortName><stl19:OperatingFlightNumber>7161</stl19:OperatingFlightNumber><stl19:EquipmentType>321</stl19:EquipmentType><stl19:MarketingAirlineCode>VN</stl19:MarketingAirlineCode><stl19:MarketingFlightNumber>7161</stl19:MarketingFlightNumber><stl19:OperatingClassOfService>M</stl19:OperatingClassOfService><stl19:MarketingClassOfService>M</stl19:MarketingClassOfService><stl19:MarriageGrp><stl19:Ind>0</stl19:Ind><stl19:Group>0</stl19:Group><stl19:Sequence>0</stl19:Sequence></stl19:MarriageGrp><stl19:Meal Code="N"/><stl19:Seats/><stl19:Eticket>true</stl19:Eticket><stl19:DepartureDateTime>2021-02-02T19:05:00</stl19:DepartureDateTime><stl19:ArrivalDateTime>2021-02-02T20:30:00</stl19:ArrivalDateTime><stl19:FlightNumber>7161</stl19:FlightNumber><stl19:ClassOfService>M</stl19:ClassOfService><stl19:ActionCode>HK</stl19:ActionCode><stl19:NumberInParty>1</stl19:NumberInParty><stl19:SegmentSpecialRequests><stl19:GenericSpecialRequest id="17" type="A" msgType="S"><stl19:Code>TKNE</stl19:Code><stl19:FreeText>VN HK1 HANDAD7161M02FEB/7382406322338C2</stl19:FreeText><stl19:ActionCode>HK</stl19:ActionCode><stl19:NumberInParty>1</stl19:NumberInParty><stl19:AirlineCode>VN</stl19:AirlineCode><stl19:TicketNumber>7382406322338</stl19:TicketNumber><stl19:FullText>TKNE VN HK1 HANDAD7161M02FEB/7382406322338C2</stl19:FullText></stl19:GenericSpecialRequest></stl19:SegmentSpecialRequests><stl19:inboundConnection>false</stl19:inboundConnection><stl19:outboundConnection>false</stl19:outboundConnection><stl19:ScheduleChangeIndicator>false</stl19:ScheduleChangeIndicator><stl19:SegmentBookedDate>2021-01-22T00:54:00</stl19:SegmentBookedDate><stl19:ElapsedTime>01.25</stl19:ElapsedTime><stl19:AirMilesFlown>0390</stl19:AirMilesFlown><stl19:FunnelFlight>false</stl19:FunnelFlight><stl19:ChangeOfGauge>false</stl19:ChangeOfGauge><stl19:Pos><stl19:IataNumber>0</stl19:IataNumber><stl19:AgencyCityCode>LZJ</stl19:AgencyCityCode><stl19:CountryCode>VN</stl19:CountryCode><stl19:DutyCode>4</stl19:DutyCode><stl19:OACAccountingCityCode>LZJ</stl19:OACAccountingCityCode><stl19:OACAccountingCode>GS</stl19:OACAccountingCode></stl19:Pos><stl19:Cabin Code="Y" SabreCode="Y" Name="ECONOMY" ShortName="ECONOMY" Lang="EN"/><stl19:Banner>MARKETED BY VIETNAM AIRLINES</stl19:Banner><stl19:Informational>false</stl19:Informational></stl19:Air><stl19:Product id="4"><or114:ProductDetails productCategory="AIR"><or114:ProductName type="AIR"/><or114:Air sequence="2" segmentAssociationId="3"><or114:DepartureAirport>HAN</or114:DepartureAirport><or114:DepartureTerminalName>TERMINAL 1</or114:DepartureTerminalName><or114:DepartureTerminalCode>1</or114:DepartureTerminalCode><or114:ArrivalAirport>DAD</or114:ArrivalAirport><or114:ArrivalTerminalName>TERMINAL 1</or114:ArrivalTerminalName><or114:ArrivalTerminalCode>1</or114:ArrivalTerminalCode><or114:EquipmentType>321</or114:EquipmentType><or114:MarketingAirlineCode>VN</or114:MarketingAirlineCode><or114:MarketingFlightNumber>7161</or114:MarketingFlightNumber><or114:MarketingClassOfService>M</or114:MarketingClassOfService><or114:Cabin code="Y" sabreCode="Y" name="ECONOMY" shortName="ECONOMY" lang="EN"/><or114:MealCode>N</or114:MealCode><or114:ElapsedTime>85</or114:ElapsedTime><or114:AirMilesFlown>390</or114:AirMilesFlown><or114:FunnelFlight>false</or114:FunnelFlight><or114:ChangeOfGauge>false</or114:ChangeOfGauge><or114:DisclosureCarrier Code="VN" DOT="false"><or114:Banner>VIETNAM AIRLINES</or114:Banner></or114:DisclosureCarrier><or114:Eticket>true</or114:Eticket><or114:DepartureDateTime>2021-02-02T19:05:00</or114:DepartureDateTime><or114:ArrivalDateTime>2021-02-02T20:30:00</or114:ArrivalDateTime><or114:FlightNumber>7161</or114:FlightNumber><or114:ClassOfService>M</or114:ClassOfService><or114:ActionCode>HK</or114:ActionCode><or114:NumberInParty>1</or114:NumberInParty><or114:inboundConnection>false</or114:inboundConnection><or114:outboundConnection>false</or114:outboundConnection><or114:ScheduleChangeIndicator>false</or114:ScheduleChangeIndicator><or114:SegmentBookedDate>2021-01-22T00:54:00</or114:SegmentBookedDate></or114:Air></or114:ProductDetails></stl19:Product></stl19:Segment></stl19:Segments><stl19:TicketingInfo><stl19:AlreadyTicketed id="21" index="1" elementId="pnr-21"><stl19:Code>T-22JAN-LZJ4A44</stl19:Code></stl19:AlreadyTicketed><stl19:ETicketNumber id="20" index="2" elementId="pnr-20">TE 7382406322338 NGUYE/V LZJ4A44 1359/22JAN</stl19:ETicketNumber><stl19:TicketDetails id="20" index="2" elementId="pnr-20"><stl19:OriginalTicketDetails>TE 7382406322338 NGUYE/V LZJ4A44 1359/22JAN</stl19:OriginalTicketDetails><stl19:TransactionIndicator>TE</stl19:TransactionIndicator><stl19:TicketNumber>7382406322338</stl19:TicketNumber><stl19:PassengerName>NGUYE/V</stl19:PassengerName><stl19:AgencyLocation>LZJ</stl19:AgencyLocation><stl19:DutyCode>4</stl19:DutyCode><stl19:AgentSine>A44</stl19:AgentSine><stl19:Timestamp>2021-01-22T13:59:00</stl19:Timestamp><stl19:PaymentType/></stl19:TicketDetails></stl19:TicketingInfo><stl19:ItineraryPricing/></stl19:PassengerReservation><stl19:ReceivedFrom><stl19:Name>GOINGO</stl19:Name></stl19:ReceivedFrom><stl19:PhoneNumbers><stl19:PhoneNumber id="8" index="1" elementId="pnr-8"><stl19:CityCode>LZJ</stl19:CityCode><stl19:Number>0983498218-H-1.1</stl19:Number></stl19:PhoneNumber></stl19:PhoneNumbers><stl19:Remarks><stl19:Remark index="1" id="15" type="REG" elementId="pnr-15"><stl19:RemarkLines><stl19:RemarkLine><stl19:Text>XXAUTH/706568   *Z/BT9681</stl19:Text></stl19:RemarkLine></stl19:RemarkLines></stl19:Remark><stl19:Remark index="2" id="23" type="HS" elementId="pnr-23"><stl19:RemarkLines><stl19:RemarkLine><stl19:Text>CHK POSSIBLE DUP WITH UVNREH OR WL BE XCLD</stl19:Text></stl19:RemarkLine></stl19:RemarkLines></stl19:Remark></stl19:Remarks><stl19:EmailAddresses/><stl19:GenericSpecialRequests id="11" type="A" msgType="S"><stl19:Code>OTHS</stl19:Code><stl19:FreeText>/ADV TKT BY 25JAN21 1354HANVN OR WL BE CXLD</stl19:FreeText><stl19:FullText>OTHS  /ADV TKT BY 25JAN21 1354HANVN OR WL BE CXLD</stl19:FullText></stl19:GenericSpecialRequests><stl19:OpenReservationElements><or114:OpenReservationElement id="11" type="SRVC" elementId="pnr-11"><or114:ServiceRequest code="OTHS" serviceType="SSR" ssrType="AFX"><or114:FreeText>/ADV TKT BY 25JAN21 1354HANVN OR WL BE CXLD</or114:FreeText><or114:FullText>OTHS  /ADV TKT BY 25JAN21 1354HANVN OR WL BE CXLD </or114:FullText></or114:ServiceRequest></or114:OpenReservationElement><or114:OpenReservationElement id="16" type="SRVC" elementId="pnr-16"><or114:ServiceRequest actionCode="HK" airlineCode="VN" code="TKNE" serviceCount="1" serviceType="SSR" ssrType="AFX"><or114:FreeText>/7382406322338C1</or114:FreeText><or114:FullText>TKNE VN HK1 DADHAN0194M01FEB/7382406322338C1</or114:FullText></or114:ServiceRequest><or114:SegmentAssociation Id="3" SegmentAssociationId="2"><or114:AirSegment><or114:CarrierCode>VN</or114:CarrierCode><or114:FlightNumber>0194</or114:FlightNumber><or114:DepartureDate>2021-02-01</or114:DepartureDate><or114:BoardPoint>DAD</or114:BoardPoint><or114:OffPoint>HAN</or114:OffPoint><or114:ClassOfService>M</or114:ClassOfService></or114:AirSegment></or114:SegmentAssociation><or114:NameAssociation><or114:LastName>NGUYEN</or114:LastName><or114:FirstName>VAN TUAN MR</or114:FirstName><or114:ReferenceId>1</or114:ReferenceId><or114:NameRefNumber>01.01</or114:NameRefNumber></or114:NameAssociation></or114:OpenReservationElement><or114:OpenReservationElement id="17" type="SRVC" elementId="pnr-17"><or114:ServiceRequest actionCode="HK" airlineCode="VN" code="TKNE" serviceCount="1" serviceType="SSR" ssrType="AFX"><or114:FreeText>/7382406322338C2</or114:FreeText><or114:FullText>TKNE VN HK1 HANDAD7161M02FEB/7382406322338C2</or114:FullText></or114:ServiceRequest><or114:SegmentAssociation Id="4" SegmentAssociationId="3"><or114:AirSegment><or114:CarrierCode>VN</or114:CarrierCode><or114:FlightNumber>7161</or114:FlightNumber><or114:DepartureDate>2021-02-02</or114:DepartureDate><or114:BoardPoint>HAN</or114:BoardPoint><or114:OffPoint>DAD</or114:OffPoint><or114:ClassOfService>M</or114:ClassOfService></or114:AirSegment></or114:SegmentAssociation><or114:NameAssociation><or114:LastName>NGUYEN</or114:LastName><or114:FirstName>VAN TUAN MR</or114:FirstName><or114:ReferenceId>1</or114:ReferenceId><or114:NameRefNumber>01.01</or114:NameRefNumber></or114:NameAssociation></or114:OpenReservationElement><or114:OpenReservationElement id="13" type="PROFILE" elementId="pnr-or-13"><or114:Profile><or114:ID>8047035252</or114:ID><or114:Type>TRAVELER</or114:Type><or114:ShortType>TVL</or114:ShortType></or114:Profile><or114:NameAssociation><or114:LastName>NGUYEN</or114:LastName><or114:FirstName>VAN TUAN MR</or114:FirstName><or114:ReferenceId>1</or114:ReferenceId><or114:Id>1</or114:Id><or114:NameRefNumber>01.01</or114:NameRefNumber></or114:NameAssociation></or114:OpenReservationElement><or114:OpenReservationElement id="7" type="PSG_DETAILS_MAIL" elementId="pnr-7"><or114:Email comment=""><or114:Address>VIETNT.ITT@GMAIL.COM</or114:Address></or114:Email><or114:NameAssociation><or114:LastName>NGUYEN</or114:LastName><or114:FirstName>VAN TUAN MR</or114:FirstName><or114:ReferenceId>1</or114:ReferenceId><or114:NameRefNumber>01.01</or114:NameRefNumber></or114:NameAssociation></or114:OpenReservationElement></stl19:OpenReservationElements></stl19:Reservation></stl19:GetReservationRS></soap-env:Body></soap-env:Envelope>